<?xml version="1.0" encoding="UTF-8" ?>
<testsuite tests="5" failures="5" name="Facade.CustomerFacadeTest" time="0.005" errors="0" skipped="0">
  <properties>
[...]
</properties>
  <testcase classname="Facade.CustomerFacadeTest" name="Facade.CustomerFacadeTest.testFindByLastName" time="0.004">
    <failure type="java.lang.NullPointerException">java.lang.NullPointerException
	at Facade.CustomerFacade.findByLastName(CustomerFacade.java:44)
	at Facade.CustomerFacadeTest.testFindByLastName(CustomerFacadeTest.java:78)
</failure>
    <system-out>findByLastName
</system-out>
  </testcase>
  <testcase classname="Facade.CustomerFacadeTest" name="Facade.CustomerFacadeTest.testGetNumberOfCustomers" time="0">
    <failure type="java.lang.NullPointerException">java.lang.NullPointerException
	at Facade.CustomerFacade.getNumberOfCustomers(CustomerFacade.java:55)
	at Facade.CustomerFacadeTest.testGetNumberOfCustomers(CustomerFacadeTest.java:90)
</failure>
    <system-out>getNumberOfCustomers
</system-out>
  </testcase>
  <testcase classname="Facade.CustomerFacadeTest" name="Facade.CustomerFacadeTest.testAddCustomer" time="0">
    <failure type="java.lang.NullPointerException">java.lang.NullPointerException
	at Facade.CustomerFacade.addCustomer(CustomerFacade.java:78)
	at Facade.CustomerFacadeTest.testAddCustomer(CustomerFacadeTest.java:120)
</failure>
    <system-out>addCustomer
</system-out>
  </testcase>
  <testcase classname="Facade.CustomerFacadeTest" name="Facade.CustomerFacadeTest.testFindByID" time="0">
    <failure type="java.lang.NullPointerException">java.lang.NullPointerException
	at Facade.CustomerFacade.findByID(CustomerFacade.java:33)
	at Facade.CustomerFacadeTest.testFindByID(CustomerFacadeTest.java:57)
</failure>
    <system-out>findByID
</system-out>
  </testcase>
  <testcase classname="Facade.CustomerFacadeTest" name="Facade.CustomerFacadeTest.testAllCustomers" time="0.001">
    <failure type="java.lang.NullPointerException">java.lang.NullPointerException
	at Facade.CustomerFacade.allCustomers(CustomerFacade.java:68)
	at Facade.CustomerFacadeTest.testAllCustomers(CustomerFacadeTest.java:104)
</failure>
    <system-out>allCustomers
</system-out>
  </testcase>
</testsuite>